<?xml version="1.0" encoding="UTF-8"?>
<testsuite name="j.m.w.iface.MyInterfaceTest" tests="1" skipped="0" failures="0" errors="0" timestamp="2020-09-02T00:54:56" hostname="DESKTOP-GJMRE8U" time="0.779">
  <properties/>
  <testcase name="testTheStaticMethod" classname="j.m.w.iface.MyInterfaceTest" time="0.779"/>
  <system-out><![CDATA[]]></system-out>
  <system-err><![CDATA[]]></system-err>
</testsuite>
